

>>>>>>>>>>>>>>>>>>>>>>>>>>>>>>
timestamp: 18-05-21 23:16:16
command: systemctl stop iptables.service
<<<<<<<<<<<<<<<<<<<<<<<<<<<<<<



>>>>>>>>>>>>>>>>>>>>>>>>>>>>>>
timestamp: 18-05-21 23:16:17
command: systemctl disable iptables.service
<<<<<<<<<<<<<<<<<<<<<<<<<<<<<<



>>>>>>>>>>>>>>>>>>>>>>>>>>>>>>
timestamp: 18-05-21 23:16:18
command: systemctl stop firewalld.service
<<<<<<<<<<<<<<<<<<<<<<<<<<<<<<



>>>>>>>>>>>>>>>>>>>>>>>>>>>>>>
timestamp: 18-05-21 23:16:18
command: systemctl disable firewalld.service
<<<<<<<<<<<<<<<<<<<<<<<<<<<<<<



>>>>>>>>>>>>>>>>>>>>>>>>>>>>>>
timestamp: 18-05-21 23:16:19
command: iptables -L
<<<<<<<<<<<<<<<<<<<<<<<<<<<<<<

Chain INPUT (policy ACCEPT)
target     prot opt source               destination         

Chain FORWARD (policy ACCEPT)
target     prot opt source               destination         

Chain OUTPUT (policy ACCEPT)
target     prot opt source               destination         
