

>>>>>>>>>>>>>>>>>>>>>>>>>>>>>>
timestamp: 18-05-22 09:40:18
command: sypctl upgrade
<<<<<<<<<<<<<<<<<<<<<<<<<<<<<<

From http://gitlab.ibi.ren/syp/syp-saas-scripts
 * branch            dev-0.0.1  -> FETCH_HEAD
Updating 06e7acb..f67e3b1
Fast-forward
 env.sh                           |  12 ++-
 server/bash/common.sh            | 163 +++++++++++++++++++++++++++++++++++++-
 server/bash/jar-service-tools.sh |   1 +
 server/bash/tomcat-tools.sh      |   2 +-
 server/bash/zookeeper-tools.sh   |   2 +-
 server/config/rc-local.sh        |  35 ++++++---
 server/config/syp@crontab.conf   |   3 +-
 server/rake/tasks/sypctl.rake    |   8 +-
 sypctl.sh                        | 166 +++++----------------------------------
 9 files changed, 219 insertions(+), 173 deletions(-)


>>>>>>>>>>>>>>>>>>>>>>>>>>>>>>
timestamp: 18-05-22 09:40:21
command: sypctl help
<<<<<<<<<<<<<<<<<<<<<<<<<<<<<<

Usage: sypctl <command> [<args>]

sypctl help         sypctl 支持的命令参数列表，及已部署服务的信息
sypctl deploy       部署服务引导，并安装部署输入 `y` 确认的服务
sypctl deployed     查看已部署服务
sypctl env          部署基础环境依赖：JDK/Rbenv/Ruby
sypctl upgrade      更新 sypctl 源码

sypctl monitor      已部署的服务进程状态，若未监测到进程则启动该服务
sypctl start        启动已部署的服务进程
sypctl status       已部署的服务进程状态
sypctl restart      重启已部署的服务进程
sypctl stop         关闭已部署的服务进程

sypctl apk <app-name> 打包生意+ 安卓APK;支持的应用如下：
                      - 生意+ shengyiplus
                      - 睿商+ ruishangplus
                      - 永辉 yh_android
                      - 保臻 shenzhenpoly
sypctl <app-name>     切换生意+ iOS 不同项目的静态资源；应用名称同上

Current version is 0.0.7
For full documentation, see: http://gitlab.ibi.ren/syp/syp-saas-scripts


>>>>>>>>>>>>>>>>>>>>>>>>>>>>>>
timestamp: 18-05-22 09:40:22
command: sypctl firewalld:stop
<<<<<<<<<<<<<<<<<<<<<<<<<<<<<<

Chain INPUT (policy ACCEPT)
target     prot opt source               destination         

Chain FORWARD (policy ACCEPT)
target     prot opt source               destination         

Chain OUTPUT (policy ACCEPT)
target     prot opt source               destination         
